生成启动时间为 2020/3/24 14:20:02。
     1>项目“E:\MyCode\考研C_Study\指针\指针\指针.vcxproj”在节点 2 上(Build 个目标)。
     1>ClCompile:
         D:\Program Files (x86)\Microsoft Visual Studio 11.0\VC\bin\CL.exe /c /ZI /nologo /W3 /WX- /Od /Oy- /D WIN32 /D _DEBUG /D _CONSOLE /D _UNICODE /D UNICODE /Gm /EHsc /RTC1 /MDd /GS /fp:precise /Zc:wchar_t /Zc:forScope /Fo"Debug\\" /Fd"Debug\vc110.pdb" /Gd /TC /analyze- /errorReport:prompt main.c
         main.c
     1>e:\mycode\考研c_study\指针\指针\main.c(100): warning C4101: “q”: 未引用的局部变量
     1>e:\mycode\考研c_study\指针\指针\main.c(197): warning C4047: “函数”:“int”与“int *”的间接级别不同
     1>e:\mycode\考研c_study\指针\指针\main.c(197): warning C4024: “test_exchange3”: 形参和实参 1 的类型不同
     1>e:\mycode\考研c_study\指针\指针\main.c(197): warning C4024: “test_exchange3”: 形参和实参 2 的类型不同
     1>e:\mycode\考研c_study\指针\指针\main.c(218): warning C4028: 形参 1 与声明不同
     1>e:\mycode\考研c_study\指针\指针\main.c(218): warning C4028: 形参 2 与声明不同
     1>e:\mycode\考研c_study\指针\指针\main.c(229): warning C4028: 形参 1 与声明不同
     1>e:\mycode\考研c_study\指针\指针\main.c(229): warning C4028: 形参 2 与声明不同
     1>e:\mycode\考研c_study\指针\指针\main.c(246): warning C4996: 'scanf': This function or variable may be unsafe. Consider using scanf_s instead. To disable deprecation, use _CRT_SECURE_NO_WARNINGS. See online help for details.
                 d:\program files (x86)\microsoft visual studio 11.0\vc\include\stdio.h(290) : 参见“scanf”的声明
     1>e:\mycode\考研c_study\指针\指针\main.c(248): warning C4996: 'strcpy': This function or variable may be unsafe. Consider using strcpy_s instead. To disable deprecation, use _CRT_SECURE_NO_WARNINGS. See online help for details.
                 d:\program files (x86)\microsoft visual studio 11.0\vc\include\string.h(110) : 参见“strcpy”的声明
       Link:
         D:\Program Files (x86)\Microsoft Visual Studio 11.0\VC\bin\link.exe /ERRORREPORT:PROMPT /OUT:"E:\MyCode\考研C_Study\指针\Debug\指针.exe" /INCREMENTAL /NOLOGO kernel32.lib user32.lib gdi32.lib winspool.lib comdlg32.lib advapi32.lib shell32.lib ole32.lib oleaut32.lib uuid.lib odbc32.lib odbccp32.lib /MANIFEST /MANIFESTUAC:"level='asInvoker' uiAccess='false'" /manifest:embed /DEBUG /PDB:"E:\MyCode\考研C_Study\指针\Debug\指针.pdb" /SUBSYSTEM:CONSOLE /TLBID:1 /DYNAMICBASE /NXCOMPAT /IMPLIB:"E:\MyCode\考研C_Study\指针\Debug\指针.lib" /MACHINE:X86 Debug\main.obj
         指针.vcxproj -> E:\MyCode\考研C_Study\指针\Debug\指针.exe
     1>已完成生成项目“E:\MyCode\考研C_Study\指针\指针\指针.vcxproj”(Build 个目标)的操作。

生成成功。

已用时间 00:00:00.34
